11 Aug 2023 14:07:12.131 WARN  - Language  not available; defaulting to English.
11 Aug 2023 14:07:12.134 INFO  - 
Welcome to arara 7.1.0!
-----------------------------------------------------------------
11 Aug 2023 14:07:12.138 DEBUG - 
::: arara @ /usr/local/texlive/2023/texmf-dist/scripts/arara
::: Java 17.0.8, Debian
::: /usr/lib/jvm/java-17-openjdk-amd64
::: Linux, amd64, 6.4.0-1-amd64
::: user.home @ /home/pabloalanis
::: CF @ [none]
-----------------------------------------------------------------
11 Aug 2023 14:07:12.150 INFO  - Processing "TecnDePrepMat - Ev1 - PEAG.tex" (size: 9.3 kB, last modified: 2023-08-11 20:06:59), please wait.
11 Aug 2023 14:07:12.170 INFO  - I found a potential pattern in line 1: lualatex: { branch: developer, interaction: errorstopmode,
11 Aug 2023 14:07:12.170 INFO  - I found a potential pattern in line 2: --> shell: yes, synctex: yes }
11 Aug 2023 14:07:12.432 INFO  - All directives were validated. We are good to go.
-------------------------- DIRECTIVES ---------------------------
Directive(identifier='lualatex', parameters={branch=developer, interaction=errorstopmode, shell=yes, synctex=yes, reference=/home/pabloalanis/Desktop/TecnDePreparacionDeMateriales - Ev1 - PEAG/TecnDePrepMat - Ev1 - PEAG.tex},conditional={ NONE }, lineNumbers=[1, 2])
-----------------------------------------------------------------
11 Aug 2023 14:07:12.435 INFO  - I am ready to interpret rule "lualatex".
11 Aug 2023 14:07:12.438 INFO  - Rule location: "/usr/local/texlive/2023/texmf-dist/scripts/arara/rules"
11 Aug 2023 14:07:12.607 INFO  - I am ready to interpret task "LuaLaTeX engine" from rule "LuaLaTeX".
11 Aug 2023 14:07:12.608 INFO  - System command: [lualatex-dev, --interaction=errorstopmode, --shell-escape, --synctex=1, TecnDePrepMat - Ev1 - PEAG.tex] @ /home/pabloalanis/Desktop/TecnDePreparacionDeMateriales - Ev1 - PEAG
11 Aug 2023 14:07:20.380 INFO  -                 ---------------------- BEGIN OUTPUT BUFFER ----------------------
                This is LuaHBTeX, Version 1.17.0 (TeX Live 2023) 
 system commands enabled.
("./TecnDePrepMat - Ev1 - PEAG.tex"
LaTeX2e <2023-11-01> pre-release-0 (develop 2023-7-27 branch)
L3 programming layer <2023-06-30>
 (/usr/local/texlive/2023/texmf-dist/tex/latex-dev/latex-lab/documentmetadata-support.ltx (/usr/local/texlive/2023/texmf-dist/tex/latex/pdfmanagement-testphase/pdfmanagement-testphase.sty (/usr/local/texlive/2023/texmf-dist/tex/latex/tagpdf/tagpdf-base.sty) (/usr/local/texlive/2023/texmf-dist/tex/latex/pdfmanagement-testphase/pdfmanagement-testphase.ltx (/usr/local/texlive/2023/texmf-dist/tex/latex/l3experimental/l3bitset/l3bitset.sty)))) (/usr/local/texlive/2023/texmf-dist/tex/latex/l3backend/l3backend-luatex.def) (/usr/local/texlive/2023/texmf-dist/tex/latex/pdfmanagement-testphase/l3backend-testphase-luatex.def (/usr/local/texlive/2023/texmf-dist/tex/latex/pdfmanagement-testphase/l3ref-tmp.sty)) (/usr/local/texlive/2023/texmf-dist/tex/latex/pdfmanagement-testphase/pdfmanagement-firstaid.sty) (/usr/local/texlive/2023/texmf-dist/tex/latex/beamer/beamer.cls
Document Class: beamer 2023/05/15 v3.70 A class for typesetting presentations
(/usr/local/texlive/2023/texmf-dist/tex/latex/beamer/beamerbasemodes.sty (/usr/local/texlive/2023/texmf-dist/tex/latex/etoolbox/etoolbox.sty) (/usr/local/texlive/2023/texmf-dist/tex/latex/beamer/beamerbasedecode.sty)) (/usr/local/texlive/2023/texmf-dist/tex/generic/iftex/iftex.sty) (/usr/local/texlive/2023/texmf-dist/tex/latex/beamer/beamerbaseoptions.sty (/usr/local/texlive/2023/texmf-dist/tex/latex-dev/graphics/keyval.sty)) (/usr/local/texlive/2023/texmf-dist/tex/latex/geometry/geometry.sty (/usr/local/texlive/2023/texmf-dist/tex/generic/iftex/ifvtex.sty)) (/usr/local/texlive/2023/texmf-dist/tex/latex/pgf/math/pgfmath.sty (/usr/local/texlive/2023/texmf-dist/tex/latex/pgf/utilities/pgfrcs.sty (/usr/local/texlive/2023/texmf-dist/tex/generic/pgf/utilities/pgfutil-common.tex) (/usr/local/texlive/2023/texmf-dist/tex/generic/pgf/utilities/pgfutil-latex.def) (/usr/local/texlive/2023/texmf-dist/tex/generic/pgf/utilities/pgfrcs.code.tex (/usr/local/texlive/2023/texmf-dist/tex/generic/pgf/pgf.revision.tex))) (/usr/local/texlive/2023/texmf-dist/tex/latex/pgf/utilities/pgfkeys.sty (/usr/local/texlive/2023/texmf-dist/tex/generic/pgf/utilities/pgfkeys.code.tex (/usr/local/texlive/2023/texmf-dist/tex/generic/pgf/utilities/pgfkeyslibraryfiltered.code.tex))) (/usr/local/texlive/2023/texmf-dist/tex/generic/pgf/math/pgfmath.code.tex (/usr/local/texlive/2023/texmf-dist/tex/generic/pgf/math/pgfmathutil.code.tex) (/usr/local/texlive/2023/texmf-dist/tex/generic/pgf/math/pgfmathparser.code.tex) (/usr/local/texlive/2023/texmf-dist/tex/generic/pgf/math/pgfmathfunctions.code.tex) (/usr/local/texlive/2023/texmf-dist/tex/generic/pgf/math/pgfmathfunctions.basic.code.tex) (/usr/local/texlive/2023/texmf-dist/tex/generic/pgf/math/pgfmathfunctions.trigonometric.code.tex) (/usr/local/texlive/2023/texmf-dist/tex/generic/pgf/math/pgfmathfunctions.random.code.tex) (/usr/local/texlive/2023/texmf-dist/tex/generic/pgf/math/pgfmathfunctions.comparison.code.tex) (/usr/local/texlive/2023/texmf-dist/tex/generic/pgf/math/pgfmathfunctions.base.code.tex) (/usr/local/texlive/2023/texmf-dist/tex/generic/pgf/math/pgfmathfunctions.round.code.tex) (/usr/local/texlive/2023/texmf-dist/tex/generic/pgf/math/pgfmathfunctions.misc.code.tex) (/usr/local/texlive/2023/texmf-dist/tex/generic/pgf/math/pgfmathfunctions.integerarithmetics.code.tex) (/usr/local/texlive/2023/texmf-dist/tex/generic/pgf/math/pgfmathcalc.code.tex) (/usr/local/texlive/2023/texmf-dist/tex/generic/pgf/math/pgfmathfloat.code.tex))) (/usr/local/texlive/2023/texmf-dist/tex/latex-dev/base/size11.clo) (/usr/local/texlive/2023/texmf-dist/tex/latex/pgf/basiclayer/pgfcore.sty (/usr/local/texlive/2023/texmf-dist/tex/latex-dev/graphics/graphicx.sty (/usr/local/texlive/2023/texmf-dist/tex/latex-dev/graphics/graphics.sty (/usr/local/texlive/2023/texmf-dist/tex/latex-dev/graphics/trig.sty) (/usr/local/texlive/2023/texmf-dist/tex/latex/graphics-cfg/graphics.cfg) (/usr/local/texlive/2023/texmf-dist/tex/latex/graphics-def/luatex.def))) (/usr/local/texlive/2023/texmf-dist/tex/latex/pgf/systemlayer/pgfsys.sty (/usr/local/texlive/2023/texmf-dist/tex/generic/pgf/systemlayer/pgfsys.code.tex (/usr/local/texlive/2023/texmf-dist/tex/generic/pgf/systemlayer/pgf.cfg) (/usr/local/texlive/2023/texmf-dist/tex/generic/pgf/systemlayer/pgfsys-luatex.def (/usr/local/texlive/2023/texmf-dist/tex/generic/pgf/systemlayer/pgfsys-common-pdf.def))) (/usr/local/texlive/2023/texmf-dist/tex/generic/pgf/systemlayer/pgfsyssoftpath.code.tex) (/usr/local/texlive/2023/texmf-dist/tex/generic/pgf/systemlayer/pgfsysprotocol.code.tex)) (/usr/local/texlive/2023/texmf-dist/tex/latex/xcolor/xcolor.sty (/usr/local/texlive/2023/texmf-dist/tex/latex/graphics-cfg/color.cfg) (/usr/local/texlive/2023/texmf-dist/tex/latex-dev/graphics/mathcolor.ltx)) (/usr/local/texlive/2023/texmf-dist/tex/latex/pdfmanagement-testphase/xcolor-patches-tmp-ltx.sty) (/usr/local/texlive/2023/texmf-dist/tex/generic/pgf/basiclayer/pgfcore.code.tex (/usr/local/texlive/2023/texmf-dist/tex/generic/pgf/math/pgfint.code.tex) (/usr/local/texlive/2023/texmf-dist/tex/generic/pgf/basiclayer/pgfcorepoints.code.tex) (/usr/local/texlive/2023/texmf-dist/tex/generic/pgf/basiclayer/pgfcorepathconstruct.code.tex) (/usr/local/texlive/2023/texmf-dist/tex/generic/pgf/basiclayer/pgfcorepathusage.code.tex) (/usr/local/texlive/2023/texmf-dist/tex/generic/pgf/basiclayer/pgfcorescopes.code.tex) (/usr/local/texlive/2023/texmf-dist/tex/generic/pgf/basiclayer/pgfcoregraphicstate.code.tex) (/usr/local/texlive/2023/texmf-dist/tex/generic/pgf/basiclayer/pgfcoretransformations.code.tex) (/usr/local/texlive/2023/texmf-dist/tex/generic/pgf/basiclayer/pgfcorequick.code.tex) (/usr/local/texlive/2023/texmf-dist/tex/generic/pgf/basiclayer/pgfcoreobjects.code.tex) (/usr/local/texlive/2023/texmf-dist/tex/generic/pgf/basiclayer/pgfcorepathprocessing.code.tex) (/usr/local/texlive/2023/texmf-dist/tex/generic/pgf/basiclayer/pgfcorearrows.code.tex) (/usr/local/texlive/2023/texmf-dist/tex/generic/pgf/basiclayer/pgfcoreshade.code.tex) (/usr/local/texlive/2023/texmf-dist/tex/generic/pgf/basiclayer/pgfcoreimage.code.tex) (/usr/local/texlive/2023/texmf-dist/tex/generic/pgf/basiclayer/pgfcoreexternal.code.tex) (/usr/local/texlive/2023/texmf-dist/tex/generic/pgf/basiclayer/pgfcorelayers.code.tex) (/usr/local/texlive/2023/texmf-dist/tex/generic/pgf/basiclayer/pgfcoretransparency.code.tex) (/usr/local/texlive/2023/texmf-dist/tex/generic/pgf/basiclayer/pgfcorepatterns.code.tex) (/usr/local/texlive/2023/texmf-dist/tex/generic/pgf/basiclayer/pgfcorerdf.code.tex))) (/usr/local/texlive/2023/texmf-dist/tex/latex/pgf/utilities/xxcolor.sty) (/usr/local/texlive/2023/texmf-dist/tex/latex-dev/base/atbegshi-ltx.sty) (/usr/local/texlive/2023/texmf-dist/tex/latex/hyperref/hyperref.sty (/usr/local/texlive/2023/texmf-dist/tex/generic/ltxcmds/ltxcmds.sty) (/usr/local/texlive/2023/texmf-dist/tex/generic/pdftexcmds/pdftexcmds.sty (/usr/local/texlive/2023/texmf-dist/tex/generic/infwarerr/infwarerr.sty)) (/usr/local/texlive/2023/texmf-dist/tex/latex/kvsetkeys/kvsetkeys.sty) (/usr/local/texlive/2023/texmf-dist/tex/generic/kvdefinekeys/kvdefinekeys.sty) (/usr/local/texlive/2023/texmf-dist/tex/generic/pdfescape/pdfescape.sty) (/usr/local/texlive/2023/texmf-dist/tex/latex/hycolor/hycolor.sty) (/usr/local/texlive/2023/texmf-dist/tex/latex/letltxmacro/letltxmacro.sty) (/usr/local/texlive/2023/texmf-dist/tex/latex/auxhook/auxhook.sty) (/usr/local/texlive/2023/texmf-dist/tex/latex/hyperref/nameref.sty (/usr/local/texlive/2023/texmf-dist/tex/latex/refcount/refcount.sty) (/usr/local/texlive/2023/texmf-dist/tex/generic/gettitlestring/gettitlestring.sty (/usr/local/texlive/2023/texmf-dist/tex/latex/kvoptions/kvoptions.sty))) (/usr/local/texlive/2023/texmf-dist/tex/latex/hyperref/pd1enc.def) (/usr/local/texlive/2023/texmf-dist/tex/generic/intcalc/intcalc.sty) (/usr/local/texlive/2023/texmf-dist/tex/latex/hyperref/puenc.def) (/usr/local/texlive/2023/texmf-dist/tex/latex/url/url.sty) (/usr/local/texlive/2023/texmf-dist/tex/generic/bitset/bitset.sty (/usr/local/texlive/2023/texmf-dist/tex/generic/bigintcalc/bigintcalc.sty))

Package hyperref Message: Stopped early.

) (/usr/local/texlive/2023/texmf-dist/tex/latex/pdfmanagement-testphase/hgeneric-testphase.def (/usr/local/texlive/2023/texmf-dist/tex/latex/pdfmanagement-testphase/hyperref-colorschemes.def)) (/usr/local/texlive/2023/texmf-dist/tex/latex/beamer/beamerbaserequires.sty (/usr/local/texlive/2023/texmf-dist/tex/latex/beamer/beamerbasecompatibility.sty) (/usr/local/texlive/2023/texmf-dist/tex/latex/beamer/beamerbasefont.sty (/usr/local/texlive/2023/texmf-dist/tex/latex/amsfonts/amssymb.sty (/usr/local/texlive/2023/texmf-dist/tex/latex/amsfonts/amsfonts.sty)) (/usr/local/texlive/2023/texmf-dist/tex/latex/sansmathaccent/sansmathaccent.sty (/usr/local/texlive/2023/texmf-dist/tex/latex/koma-script/scrlfile.sty (/usr/local/texlive/2023/texmf-dist/tex/latex/koma-script/scrlfile-hook.sty (/usr/local/texlive/2023/texmf-dist/tex/latex/koma-script/scrlogo.sty))))) (/usr/local/texlive/2023/texmf-dist/tex/latex/beamer/beamerbasetranslator.sty (/usr/local/texlive/2023/texmf-dist/tex/latex/translator/translator.sty)) (/usr/local/texlive/2023/texmf-dist/tex/latex/beamer/beamerbasemisc.sty) (/usr/local/texlive/2023/texmf-dist/tex/latex/beamer/beamerbasetwoscreens.sty) (/usr/local/texlive/2023/texmf-dist/tex/latex/beamer/beamerbaseoverlay.sty) (/usr/local/texlive/2023/texmf-dist/tex/latex/beamer/beamerbasetitle.sty) (/usr/local/texlive/2023/texmf-dist/tex/latex/beamer/beamerbasesection.sty) (/usr/local/texlive/2023/texmf-dist/tex/latex/beamer/beamerbaseframe.sty) (/usr/local/texlive/2023/texmf-dist/tex/latex/beamer/beamerbaseverbatim.sty) (/usr/local/texlive/2023/texmf-dist/tex/latex/beamer/beamerbaseframesize.sty) (/usr/local/texlive/2023/texmf-dist/tex/latex/beamer/beamerbaseframecomponents.sty) (/usr/local/texlive/2023/texmf-dist/tex/latex/beamer/beamerbasecolor.sty) (/usr/local/texlive/2023/texmf-dist/tex/latex/beamer/beamerbasenotes.sty) (/usr/local/texlive/2023/texmf-dist/tex/latex/beamer/beamerbasetoc.sty) (/usr/local/texlive/2023/texmf-dist/tex/latex/beamer/beamerbasetemplates.sty (/usr/local/texlive/2023/texmf-dist/tex/latex/beamer/beamerbaseauxtemplates.sty (/usr/local/texlive/2023/texmf-dist/tex/latex/beamer/beamerbaseboxes.sty))) (/usr/local/texlive/2023/texmf-dist/tex/latex/beamer/beamerbaselocalstructure.sty (/usr/local/texlive/2023/texmf-dist/tex/latex-dev/tools/enumerate.sty)) (/usr/local/texlive/2023/texmf-dist/tex/latex/beamer/beamerbasenavigation.sty (/usr/local/texlive/2023/texmf-dist/tex/latex/beamer/beamerbasenavigationsymbols.tex)) (/usr/local/texlive/2023/texmf-dist/tex/latex/beamer/beamerbasetheorems.sty (/usr/local/texlive/2023/texmf-dist/tex/latex-dev/amsmath/amsmath.sty
For additional information on amsmath, use the `?' option.
(/usr/local/texlive/2023/texmf-dist/tex/latex-dev/amsmath/amstext.sty (/usr/local/texlive/2023/texmf-dist/tex/latex-dev/amsmath/amsgen.sty)) (/usr/local/texlive/2023/texmf-dist/tex/latex-dev/amsmath/amsbsy.sty) (/usr/local/texlive/2023/texmf-dist/tex/latex-dev/amsmath/amsopn.sty)) (/usr/local/texlive/2023/texmf-dist/tex/latex/amscls/amsthm.sty)) (/usr/local/texlive/2023/texmf-dist/tex/latex/beamer/beamerbasethemes.sty)) (/usr/local/texlive/2023/texmf-dist/tex/latex/beamer/beamerthemedefault.sty (/usr/local/texlive/2023/texmf-dist/tex/latex/beamer/beamerfontthemedefault.sty) (/usr/local/texlive/2023/texmf-dist/tex/latex/beamer/beamercolorthemedefault.sty) (/usr/local/texlive/2023/texmf-dist/tex/latex/beamer/beamerinnerthemedefault.sty) (/usr/local/texlive/2023/texmf-dist/tex/latex/beamer/beamerouterthemedefault.sty))) (/usr/local/texlive/2023/texmf-dist/tex/generic/babel/babel.sty (/usr/local/texlive/2023/texmf-dist/tex/generic/babel/luababel.def) (/usr/local/texlive/2023/texmf-dist/tex/generic/babel/luababel.def) (/usr/local/texlive/2023/texmf-dist/tex/generic/babel-spanish/spanish.ldf (/usr/local/texlive/2023/texmf-dist/tex/generic/hyph-utf8/loadhyph/loadhyph-es.tex UTF-8 Spanish hyphenation patterns (/usr/local/texlive/2023/texmf-dist/tex/generic/hyph-utf8/patterns/tex/hyph-es.tex)))) (/usr/local/texlive/2023/texmf-dist/tex/generic/babel/locale/es/babel-spanish.tex) (/usr/local/texlive/2023/texmf-dist/tex/latex/microtype/microtype.sty (/usr/local/texlive/2023/texmf-dist/tex/latex/microtype/microtype-luatex.def) (/usr/local/texlive/2023/texmf-dist/tex/latex/microtype/microtype.cfg)) (/usr/local/texlive/2023/texmf-dist/tex/latex/tabularray/tabularray.sty (/usr/local/texlive/2023/texmf-dist/tex/latex/l3kernel/expl3.sty)) (/usr/local/texlive/2023/texmf-dist/tex/latex/booktabs/booktabs.sty) (/usr/local/texlive/2023/texmf-dist/tex/latex/siunitx/siunitx.sty (/usr/local/texlive/2023/texmf-dist/tex/latex/translations/translations.sty) (/usr/local/texlive/2023/texmf-dist/tex/latex-dev/tools/array.sty)) (/usr/local/texlive/2023/texmf-dist/tex/latex/chemmacros/chemmacros.sty (/usr/local/texlive/2023/texmf-dist/tex/latex/l3packages/l3keys2e/l3keys2e.sty)
Loading the chemmacros module `base' ...
(/usr/local/texlive/2023/texmf-dist/tex/latex-dev/tools/bm.sty)
Loading the chemmacros module `errorcheck' ...
Loading the chemmacros module `lang' ...
Loading the chemmacros module `greek' ...
(/usr/local/texlive/2023/texmf-dist/tex/latex/chemgreek/chemgreek.sty (/usr/local/texlive/2023/texmf-dist/tex/latex/l3packages/xparse/xparse.sty))
Loading the chemmacros module `formula' ...
Loading the chemmacros module `charges' ...
Loading the chemmacros module `acid-base' ...
Loading the chemmacros module `symbols' ...
Loading the chemmacros module `particles' ...
Loading the chemmacros module `phases' ...
Loading the chemmacros module `nomenclature' ...
Loading the chemmacros module `tikz' ...
(/usr/local/texlive/2023/texmf-dist/tex/latex/pgf/frontendlayer/tikz.sty (/usr/local/texlive/2023/texmf-dist/tex/latex/pgf/basiclayer/pgf.sty (/usr/local/texlive/2023/texmf-dist/tex/generic/pgf/modules/pgfmoduleshapes.code.tex) (/usr/local/texlive/2023/texmf-dist/tex/generic/pgf/modules/pgfmoduleplot.code.tex) (/usr/local/texlive/2023/texmf-dist/tex/latex/pgf/compatibility/pgfcomp-version-0-65.sty) (/usr/local/texlive/2023/texmf-dist/tex/latex/pgf/compatibility/pgfcomp-version-1-18.sty)) (/usr/local/texlive/2023/texmf-dist/tex/latex/pgf/utilities/pgffor.sty (/usr/local/texlive/2023/texmf-dist/tex/generic/pgf/utilities/pgffor.code.tex)) (/usr/local/texlive/2023/texmf-dist/tex/generic/pgf/frontendlayer/tikz/tikz.code.tex (/usr/local/texlive/2023/texmf-dist/tex/generic/pgf/libraries/pgflibraryplothandlers.code.tex) (/usr/local/texlive/2023/texmf-dist/tex/generic/pgf/modules/pgfmodulematrix.code.tex) (/usr/local/texlive/2023/texmf-dist/tex/generic/pgf/frontendlayer/tikz/libraries/tikzlibrarytopaths.code.tex))) (/usr/local/texlive/2023/texmf-dist/tex/generic/pgf/frontendlayer/tikz/libraries/tikzlibrarycalc.code.tex) (/usr/local/texlive/2023/texmf-dist/tex/generic/pgf/frontendlayer/tikz/libraries/tikzlibrarydecorations.pathmorphing.code.tex (/usr/local/texlive/2023/texmf-dist/tex/generic/pgf/frontendlayer/tikz/libraries/tikzlibrarydecorations.code.tex (/usr/local/texlive/2023/texmf-dist/tex/generic/pgf/modules/pgfmoduledecorations.code.tex)) (/usr/local/texlive/2023/texmf-dist/tex/generic/pgf/libraries/decorations/pgflibrarydecorations.pathmorphing.code.tex))
Loading the chemmacros module `isotopes' ...
(/usr/local/texlive/2023/texmf-dist/tex/latex/elements/elements.sty)
Loading the chemmacros module `mechanisms' ...
Loading the chemmacros module `newman' ...
Loading the chemmacros module `orbital' ...
Loading the chemmacros module `polymers' ...
Loading the chemmacros module `reactions' ...
(/usr/local/texlive/2023/texmf-dist/tex/latex/mathtools/mathtools.sty (/usr/local/texlive/2023/texmf-dist/tex/latex-dev/tools/calc.sty) (/usr/local/texlive/2023/texmf-dist/tex/latex/mathtools/mhsetup.sty))
Loading the chemmacros module `redox' ...
(/usr/local/texlive/2023/texmf-dist/tex/latex/relsize/relsize.sty)
Loading the chemmacros module `xfrac' ...
(/usr/local/texlive/2023/texmf-dist/tex/latex/l3packages/xfrac/xfrac.sty (/usr/local/texlive/2023/texmf-dist/tex/latex-dev/base/textcomp.sty) (/usr/local/texlive/2023/texmf-dist/tex/latex/l3packages/xtemplate/xtemplate.sty))
Loading the chemmacros module `scheme' ...
(/usr/local/texlive/2023/texmf-dist/tex/latex/chemnum/chemnum.sty (/usr/local/texlive/2023/texmf-dist/tex/latex/psfrag/psfrag.sty))
Loading the chemmacros module `spectroscopy' ...
Loading the chemmacros module `thermodynamics' ...
Loading the chemmacros module `units' ...
Loading the chemmacros module `reactants' ...
Loading the chemmacros module `translations' ...
) (/usr/local/texlive/2023/texmf-dist/tex/latex/biblatex/biblatex.sty (/usr/local/texlive/2023/texmf-dist/tex/latex/logreq/logreq.sty (/usr/local/texlive/2023/texmf-dist/tex/latex/logreq/logreq.def)) (/usr/local/texlive/2023/texmf-dist/tex/latex-dev/base/ifthen.sty) (/usr/local/texlive/2023/texmf-dist/tex/latex/biblatex/blx-dm.def) (/usr/local/texlive/2023/texmf-dist/tex/latex/biblatex/blx-unicode.def) (/usr/local/texlive/2023/texmf-dist/tex/latex/biblatex/blx-compat.def) (/usr/local/texlive/2023/texmf-dist/tex/latex/biblatex/biblatex.def) (/usr/local/texlive/2023/texmf-dist/tex/latex/biblatex/bbx/authoryear.bbx (/usr/local/texlive/2023/texmf-dist/tex/latex/biblatex/bbx/standard.bbx)) (/usr/local/texlive/2023/texmf-dist/tex/latex/biblatex/cbx/authoryear.cbx) (/usr/local/texlive/2023/texmf-dist/tex/latex/biblatex/biblatex.cfg) (/usr/local/texlive/2023/texmf-dist/tex/latex/biblatex/blx-case-expl3.sty)) (/usr/local/texlive/2023/texmf-dist/tex/latex/tcolorbox/tcolorbox.sty (/usr/local/texlive/2023/texmf-dist/tex/latex-dev/tools/verbatim.sty) (/usr/local/texlive/2023/texmf-dist/tex/latex/environ/environ.sty (/usr/local/texlive/2023/texmf-dist/tex/latex/trimspaces/trimspaces.sty)) (/usr/local/texlive/2023/texmf-dist/tex/latex/tcolorbox/tcbskins.code.tex
Library (tcolorbox): 'tcbskins.code.tex' version '6.0.4'
(/usr/local/texlive/2023/texmf-dist/tex/latex/tikzfill/tikzfill.image.sty (/usr/local/texlive/2023/texmf-dist/tex/latex/tikzfill/tikzfill-common.sty) (/usr/local/texlive/2023/texmf-dist/tex/latex/tikzfill/tikzlibraryfill.image.code.tex)) (/usr/local/texlive/2023/texmf-dist/tex/latex/tcolorbox/tcbskinsjigsaw.code.tex
Library (tcolorbox): 'tcbskinsjigsaw.code.tex' version '6.0.4'
))) (/usr/local/texlive/2023/texmf-dist/tex/latex/beamertheme-metropolis/beamerthememetropolis.sty (/usr/local/texlive/2023/texmf-dist/tex/latex/pgfopts/pgfopts.sty) (/usr/local/texlive/2023/texmf-dist/tex/latex/beamertheme-metropolis/beamerinnerthememetropolis.sty) (/usr/local/texlive/2023/texmf-dist/tex/latex/beamertheme-metropolis/beamerouterthememetropolis.sty) (/usr/local/texlive/2023/texmf-dist/tex/latex/beamertheme-metropolis/beamercolorthememetropolis.sty) (/usr/local/texlive/2023/texmf-dist/tex/latex/beamertheme-metropolis/beamerfontthememetropolis.sty (/usr/local/texlive/2023/texmf-dist/tex/generic/iftex/ifxetex.sty) (/usr/local/texlive/2023/texmf-dist/tex/generic/iftex/ifluatex.sty) (/usr/local/texlive/2023/texmf-dist/tex/latex/fontspec/fontspec.sty (/usr/local/texlive/2023/texmf-dist/tex/latex/fontspec/fontspec-luatex.sty (/usr/local/texlive/2023/texmf-dist/tex/latex-dev/base/fontenc.sty) (/usr/local/texlive/2023/texmf-dist/tex/latex/fontspec/fontspec.cfg))))) (/usr/local/texlive/2023/texmf-dist/tex/latex/bookmark/bookmark.sty (/usr/local/texlive/2023/texmf-dist/tex/latex/bookmark/bkm-pdftex.def))

Package biblatex Warning: 'babel/polyglossia' detected but 'csquotes' missing.
(biblatex)                Loading 'csquotes' recommended.

(/usr/local/texlive/2023/texmf-dist/tex/latex/chemformula/chemformula.sty (/usr/local/texlive/2023/texmf-dist/tex/latex/units/nicefrac.sty) (/usr/local/texlive/2023/texmf-dist/tex/generic/pgf/libraries/pgflibraryarrows.meta.code.tex))
No file "TecnDePrepMat - Ev1 - PEAG".aux.
(/usr/local/texlive/2023/texmf-dist/tex/latex-dev/base/ts1cmr.fd)
*geometry* driver: auto-detecting
*geometry* detected driver: luatex
(/usr/local/texlive/2023/texmf-dist/tex/context/base/mkii/supp-pdf.mkii
[Loading MPS to PDF converter (version 2006.09.02).]
) (/usr/local/texlive/2023/texmf-dist/tex/latex/epstopdf-pkg/epstopdf-base.sty (/usr/local/texlive/2023/texmf-dist/tex/latex/latexconfig/epstopdf-sys.cfg)) (/usr/local/texlive/2023/texmf-dist/tex/latex/translator/translator-basic-dictionary-English.dict) (/usr/local/texlive/2023/texmf-dist/tex/latex/translator/translator-basic-dictionary-Spanish.dict) (/usr/local/texlive/2023/texmf-dist/tex/latex/translator/translator-bibliography-dictionary-English.dict) (/usr/local/texlive/2023/texmf-dist/tex/latex/translator/translator-bibliography-dictionary-Spanish.dict) (/usr/local/texlive/2023/texmf-dist/tex/latex/translator/translator-environment-dictionary-English.dict) (/usr/local/texlive/2023/texmf-dist/tex/latex/translator/translator-environment-dictionary-Spanish.dict) (/usr/local/texlive/2023/texmf-dist/tex/latex/translator/translator-months-dictionary-English.dict) (/usr/local/texlive/2023/texmf-dist/tex/latex/translator/translator-months-dictionary-Spanish.dict) (/usr/local/texlive/2023/texmf-dist/tex/latex/translator/translator-numbers-dictionary-English.dict) (/usr/local/texlive/2023/texmf-dist/tex/latex/translator/translator-numbers-dictionary-Spanish.dict) (/usr/local/texlive/2023/texmf-dist/tex/latex/translator/translator-theorem-dictionary-English.dict) (/usr/local/texlive/2023/texmf-dist/tex/latex/translator/translator-theorem-dictionary-Spanish.dict) (/usr/local/texlive/2023/texmf-dist/tex/latex/ninecolors/ninecolors.sty) (/usr/local/texlive/2023/texmf-dist/tex/latex/translations/translations-basic-dictionary-spanish.trsl) (/usr/local/texlive/2023/texmf-dist/tex/latex/biblatex/lbx/spanish.lbx)
No file "TecnDePrepMat - Ev1 - PEAG".bbl.
("./TecnDePrepMat - Ev1 - PEAG.nav") (/usr/local/texlive/2023/texmf-dist/tex/latex/elements/elements_names_spanish.def)
Overfull \vbox (15.63992pt too high) detected at line 44
[1
Non-PDF special ignored!{/usr/local/texlive/2023/texmf-var/fonts/map/pdftex/updmap/pdftex.map}] (/usr/local/texlive/2023/texmf-dist/tex/latex/amsfonts/umsa.fd) (/usr/local/texlive/2023/texmf-dist/tex/latex/microtype/mt-msa.cfg) (/usr/local/texlive/2023/texmf-dist/tex/latex/amsfonts/umsb.fd) (/usr/local/texlive/2023/texmf-dist/tex/latex/microtype/mt-msb.cfg) (/usr/local/texlive/2023/texmf-dist/tex/latex/microtype/mt-cmr.cfg) [2] [3] [4] [5] [6] [7] [8] [9] [10] [11] [12] [13]
Overfull \vbox (20.91125pt too high) detected at line 205
[14] [15] [16]

LaTeX Warning: Citation 'calka1991universal' on page 17 undefined on input line 243.

! Use of \??? doesn't match its definition.
<argument> \???  
      ! LaTeX Error: Access to an entry beyond an array's bounds.
l.243 \end{frame}
               
? 
! Emergency stop.
<argument> \???  
      ! LaTeX Error: Access to an entry beyond an array's bounds.
l.243 \end{frame}
               
 15071 words of node memory still in use:
   97 hlist, 36 vlist, 17 rule, 154 disc, 19 local_par, 2 dir, 310 glue, 188 kern, 50 penalty, 11 margin_kern, 915 glyph, 494 attribute, 90 glue_spec, 249 attribute_list, 1 temp, 2 write, 46 pdf_colorstack nodes
   avail lists: 1:2,2:477,3:405,4:236,5:193,6:29,7:1382,8:14,9:664,10:13,11:131,12:1
!  ==> Fatal error occurred, no output PDF file produced!SyncTeX written on TecnDePrepMat - Ev1 - PEAG.synctex.gz.

Transcript written on "TecnDePrepMat - Ev1 - PEAG.log".

                ----------------------- END OUTPUT BUFFER -----------------------
11 Aug 2023 14:07:20.384 INFO  - Task result: FAILURE
11 Aug 2023 14:07:20.387 INFO  - Total: 8.441 seconds
